<?xml version="1.0" encoding="UTF-8"?>
<coverage generated="1664117680">
  <project timestamp="1664117680">
    <file name="/home/runner/work/php-json-tongue/php-json-tongue/src/Composites/LangFolder.php">
      <class name="ElaborateCode\JsonTongue\Composites\LangFolder" namespace="global">
        <metrics complexity="7" methods="5" coveredmethods="5" conditionals="0" coveredconditionals="0" statements="10" coveredstatements="10" elements="15" coveredelements="15"/>
      </class>
      <line num="25" type="method" name="__construct" visibility="public" complexity="1" crap="1" count="2"/>
      <line num="28" type="stmt" count="2"/>
      <line num="31" type="stmt" count="2"/>
      <line num="33" type="stmt" count="2"/>
      <line num="40" type="method" name="orderLoadingTranslations" visibility="public" complexity="2" crap="2" count="1"/>
      <line num="42" type="stmt" count="1"/>
      <line num="43" type="stmt" count="1"/>
      <line num="51" type="method" name="setLocaleLoadersCollection" visibility="protected" complexity="2" crap="2" count="2"/>
      <line num="53" type="stmt" count="2"/>
      <line num="55" type="stmt" count="2"/>
      <line num="56" type="stmt" count="2"/>
      <line num="67" type="method" name="getLocalesList" visibility="public" complexity="1" crap="1" count="1"/>
      <line num="69" type="stmt" count="1"/>
      <line num="75" type="method" name="getLocaleLoadersCollection" visibility="public" complexity="1" crap="1" count="1"/>
      <line num="77" type="stmt" count="1"/>
      <metrics loc="80" ncloc="57" classes="1" methods="5" coveredmethods="5" conditionals="0" coveredconditionals="0" statements="10" coveredstatements="10" elements="15" coveredelements="15"/>
    </file>
    <file name="/home/runner/work/php-json-tongue/php-json-tongue/src/Composites/LocaleFolder.php">
      <class name="ElaborateCode\JsonTongue\Composites\LocaleFolder" namespace="global">
        <metrics complexity="2" methods="1" coveredmethods="1" conditionals="0" coveredconditionals="0" statements="2" coveredstatements="2" elements="3" coveredelements="3"/>
      </class>
      <line num="14" type="method" name="loadTranslations" visibility="public" complexity="2" crap="2" count="1"/>
      <line num="16" type="stmt" count="1"/>
      <line num="17" type="stmt" count="1"/>
      <metrics loc="21" ncloc="18" classes="1" methods="1" coveredmethods="1" conditionals="0" coveredconditionals="0" statements="2" coveredstatements="2" elements="3" coveredelements="3"/>
    </file>
    <file name="/home/runner/work/php-json-tongue/php-json-tongue/src/Composites/LocaleJson.php">
      <class name="ElaborateCode\JsonTongue\Composites\LocaleJson" namespace="global">
        <metrics complexity="6" methods="4" coveredmethods="4" conditionals="0" coveredconditionals="0" statements="7" coveredstatements="7" elements="11" coveredelements="11"/>
      </class>
      <line num="15" type="method" name="__construct" visibility="public" complexity="3" crap="3" count="10"/>
      <line num="17" type="stmt" count="10"/>
      <line num="18" type="stmt" count="1"/>
      <line num="22" type="stmt" count="9"/>
      <line num="24" type="stmt" count="9"/>
      <line num="34" type="method" name="setContent" visibility="protected" complexity="1" crap="1" count="9"/>
      <line num="36" type="stmt" count="9"/>
      <line num="46" type="method" name="getContent" visibility="public" complexity="1" crap="1" count="5"/>
      <line num="48" type="stmt" count="5"/>
      <line num="56" type="method" name="key" visibility="public" complexity="1" crap="1" count="1"/>
      <line num="58" type="stmt" count="1"/>
      <metrics loc="61" ncloc="42" classes="1" methods="4" coveredmethods="4" conditionals="0" coveredconditionals="0" statements="7" coveredstatements="7" elements="11" coveredelements="11"/>
    </file>
    <file name="/home/runner/work/php-json-tongue/php-json-tongue/src/Composites/MultiLocaleFolder.php">
      <class name="ElaborateCode\JsonTongue\Composites\MultiLocaleFolder" namespace="global">
        <metrics complexity="3" methods="1" coveredmethods="1" conditionals="0" coveredconditionals="0" statements="3" coveredstatements="3" elements="4" coveredelements="4"/>
      </class>
      <line num="14" type="method" name="loadTranslations" visibility="public" complexity="3" crap="3" count="1"/>
      <line num="16" type="stmt" count="1"/>
      <line num="17" type="stmt" count="1"/>
      <line num="18" type="stmt" count="1"/>
      <metrics loc="23" ncloc="20" classes="1" methods="1" coveredmethods="1" conditionals="0" coveredconditionals="0" statements="3" coveredstatements="3" elements="4" coveredelements="4"/>
    </file>
    <file name="/home/runner/work/php-json-tongue/php-json-tongue/src/Contracts/LangFolderLoader.php">
      <metrics loc="12" ncloc="9" classes="0" methods="0" coveredmethods="0" conditionals="0" coveredconditionals="0" statements="0" coveredstatements="0" elements="0" coveredelements="0"/>
    </file>
    <file name="/home/runner/work/php-json-tongue/php-json-tongue/src/Contracts/LocaleFolderLoader.php">
      <class name="ElaborateCode\JsonTongue\Contracts\LocaleFolderLoader" namespace="global">
        <metrics complexity="9" methods="6" coveredmethods="6" conditionals="0" coveredconditionals="0" statements="12" coveredstatements="12" elements="18" coveredelements="18"/>
      </class>
      <line num="20" type="method" name="__construct" visibility="public" complexity="3" crap="3" count="9"/>
      <line num="22" type="stmt" count="9"/>
      <line num="23" type="stmt" count="1"/>
      <line num="27" type="stmt" count="8"/>
      <line num="29" type="stmt" count="8"/>
      <line num="31" type="stmt" count="8"/>
      <line num="44" type="method" name="setLangFromPath" visibility="protected" complexity="1" crap="1" count="8"/>
      <line num="46" type="stmt" count="8"/>
      <line num="49" type="method" name="setJsonLoadersCollection" visibility="protected" complexity="2" crap="2" count="8"/>
      <line num="51" type="stmt" count="8"/>
      <line num="53" type="stmt" count="8"/>
      <line num="55" type="stmt" count="5"/>
      <line num="63" type="method" name="getLang" visibility="public" complexity="1" crap="1" count="1"/>
      <line num="65" type="stmt" count="1"/>
      <line num="71" type="method" name="getJsonsList" visibility="public" complexity="1" crap="1" count="3"/>
      <line num="73" type="stmt" count="3"/>
      <line num="79" type="method" name="getLocaleJsonLoadersCollection" visibility="public" complexity="1" crap="1" count="1"/>
      <line num="81" type="stmt" count="1"/>
      <metrics loc="84" ncloc="64" classes="1" methods="6" coveredmethods="6" conditionals="0" coveredconditionals="0" statements="12" coveredstatements="12" elements="18" coveredelements="18"/>
    </file>
    <file name="/home/runner/work/php-json-tongue/php-json-tongue/src/Contracts/LocaleJsonLoader.php">
      <metrics loc="9" ncloc="9" classes="0" methods="0" coveredmethods="0" conditionals="0" coveredconditionals="0" statements="0" coveredstatements="0" elements="0" coveredelements="0"/>
    </file>
    <file name="/home/runner/work/php-json-tongue/php-json-tongue/src/Contracts/LocalizationRepository.php">
      <metrics loc="11" ncloc="11" classes="0" methods="0" coveredmethods="0" conditionals="0" coveredconditionals="0" statements="0" coveredstatements="0" elements="0" coveredelements="0"/>
    </file>
    <file name="/home/runner/work/php-json-tongue/php-json-tongue/src/Factories/LocaleFolderFactory.php">
      <class name="ElaborateCode\JsonTongue\Factories\LocaleFolderFactory" namespace="global">
        <metrics complexity="2" methods="1" coveredmethods="1" conditionals="0" coveredconditionals="0" statements="3" coveredstatements="3" elements="4" coveredelements="4"/>
      </class>
      <line num="11" type="method" name="make" visibility="public" complexity="2" crap="2" count="9"/>
      <line num="13" type="stmt" count="9"/>
      <line num="14" type="stmt" count="2"/>
      <line num="16" type="stmt" count="8"/>
      <metrics loc="20" ncloc="20" classes="1" methods="1" coveredmethods="1" conditionals="0" coveredconditionals="0" statements="3" coveredstatements="3" elements="4" coveredelements="4"/>
    </file>
    <file name="/home/runner/work/php-json-tongue/php-json-tongue/src/Helpers/helpers.php">
      <line num="9" type="stmt" count="11"/>
      <line num="14" type="stmt" count="11"/>
      <line num="15" type="stmt" count="11"/>
      <line num="16" type="stmt" count="11"/>
      <line num="19" type="stmt" count="11"/>
      <metrics loc="21" ncloc="17" classes="0" methods="0" coveredmethods="0" conditionals="0" coveredconditionals="0" statements="5" coveredstatements="5" elements="5" coveredelements="5"/>
    </file>
    <file name="/home/runner/work/php-json-tongue/php-json-tongue/src/LocalizationRepository.php">
      <class name="ElaborateCode\JsonTongue\LocalizationRepository" namespace="global">
        <metrics complexity="3" methods="2" coveredmethods="2" conditionals="0" coveredconditionals="0" statements="4" coveredstatements="4" elements="6" coveredelements="6"/>
      </class>
      <line num="11" type="method" name="merge" visibility="public" complexity="2" crap="2" count="1"/>
      <line num="13" type="stmt" count="1"/>
      <line num="14" type="stmt" count="1"/>
      <line num="16" type="stmt" count="1"/>
      <line num="23" type="method" name="getTranslations" visibility="public" complexity="1" crap="1" count="1"/>
      <line num="26" type="stmt" count="1"/>
      <metrics loc="29" ncloc="25" classes="1" methods="2" coveredmethods="2" conditionals="0" coveredconditionals="0" statements="4" coveredstatements="4" elements="6" coveredelements="6"/>
    </file>
    <file name="/home/runner/work/php-json-tongue/php-json-tongue/src/Strategies/File.php">
      <class name="ElaborateCode\JsonTongue\Strategies\File" namespace="global">
        <metrics complexity="15" methods="9" coveredmethods="9" conditionals="0" coveredconditionals="0" statements="31" coveredstatements="31" elements="40" coveredelements="40"/>
      </class>
      <line num="30" type="method" name="__construct" visibility="public" complexity="3" crap="3" count="15"/>
      <line num="32" type="stmt" count="15"/>
      <line num="34" type="stmt" count="15"/>
      <line num="36" type="stmt" count="14"/>
      <line num="38" type="stmt" count="14"/>
      <line num="39" type="stmt" count="12"/>
      <line num="40" type="stmt" count="12"/>
      <line num="42" type="stmt" count="12"/>
      <line num="44" type="stmt" count="12"/>
      <line num="45" type="stmt" count="12"/>
      <line num="50" type="method" name="__toString" visibility="public" complexity="1" crap="1" count="11"/>
      <line num="52" type="stmt" count="11"/>
      <line num="59" type="method" name="setProjectRoot" visibility="protected" complexity="1" crap="1" count="15"/>
      <line num="61" type="stmt" count="15"/>
      <line num="63" type="stmt" count="15"/>
      <line num="66" type="method" name="setPath" visibility="protected" complexity="3" crap="3" count="15"/>
      <line num="68" type="stmt" count="15"/>
      <line num="70" type="stmt" count="15"/>
      <line num="71" type="stmt" count="14"/>
      <line num="73" type="stmt" count="14"/>
      <line num="76" type="stmt" count="12"/>
      <line num="78" type="stmt" count="12"/>
      <line num="79" type="stmt" count="1"/>
      <line num="82" type="stmt" count="11"/>
      <line num="92" type="method" name="getDirectoryContent" visibility="public" complexity="2" crap="2" count="3"/>
      <line num="94" type="stmt" count="3"/>
      <line num="95" type="stmt" count="1"/>
      <line num="98" type="stmt" count="2"/>
      <line num="104" type="method" name="getDirectoryJsonContent" visibility="public" complexity="2" crap="2" count="9"/>
      <line num="106" type="stmt" count="9"/>
      <line num="107" type="stmt" count="1"/>
      <line num="110" type="stmt" count="8"/>
      <line num="111" type="stmt" count="8"/>
      <line num="112" type="stmt" count="8"/>
      <line num="121" type="method" name="isDir" visibility="public" complexity="1" crap="1" count="14"/>
      <line num="123" type="stmt" count="14"/>
      <line num="126" type="method" name="getProjectRoot" visibility="public" complexity="1" crap="1" count="12"/>
      <line num="128" type="stmt" count="12"/>
      <line num="131" type="method" name="getPath" visibility="public" complexity="1" crap="1" count="12"/>
      <line num="133" type="stmt" count="12"/>
      <metrics loc="136" ncloc="109" classes="1" methods="9" coveredmethods="9" conditionals="0" coveredconditionals="0" statements="31" coveredstatements="31" elements="40" coveredelements="40"/>
    </file>
    <file name="/home/runner/work/php-json-tongue/php-json-tongue/src/TongueFacade.php">
      <class name="ElaborateCode\JsonTongue\TongueFacade" namespace="global">
        <metrics complexity="4" methods="4" coveredmethods="4" conditionals="0" coveredconditionals="0" statements="6" coveredstatements="6" elements="10" coveredelements="10"/>
      </class>
      <line num="14" type="method" name="__construct" visibility="public" complexity="1" crap="1" count="1"/>
      <line num="17" type="stmt" count="1"/>
      <line num="20" type="stmt" count="1"/>
      <line num="22" type="stmt" count="1"/>
      <line num="25" type="method" name="learn" visibility="protected" complexity="1" crap="1" count="1"/>
      <line num="27" type="stmt" count="1"/>
      <line num="33" type="method" name="transcribe" visibility="public" complexity="1" crap="1" count="1"/>
      <line num="35" type="stmt" count="1"/>
      <line num="41" type="method" name="transcribeLang" visibility="public" complexity="1" crap="1" count="1"/>
      <line num="44" type="stmt" count="1"/>
      <metrics loc="47" ncloc="38" classes="1" methods="4" coveredmethods="4" conditionals="0" coveredconditionals="0" statements="6" coveredstatements="6" elements="10" coveredelements="10"/>
    </file>
    <metrics files="13" loc="554" ncloc="439" classes="9" methods="33" coveredmethods="33" conditionals="0" coveredconditionals="0" statements="83" coveredstatements="83" elements="116" coveredelements="116"/>
  </project>
</coverage>
